[debug] [2023-12-18T05:08:15.962Z] ----------------------------------------------------------------------
[debug] [2023-12-18T05:08:15.967Z] Command:       C:\Program Files\nodejs\node.exe C:\Users\Diego\AppData\Roaming\npm\node_modules\firebase-tools\lib\bin\firebase.js init
[debug] [2023-12-18T05:08:15.968Z] CLI Version:   13.0.2
[debug] [2023-12-18T05:08:15.969Z] Platform:      win32
[debug] [2023-12-18T05:08:15.969Z] Node Version:  v18.15.0
[debug] [2023-12-18T05:08:15.973Z] Time:          Mon Dec 18 2023 05:08:15 GMT+0000 (Greenwich Mean Time)
[debug] [2023-12-18T05:08:15.975Z] ----------------------------------------------------------------------
[debug] 
[debug] [2023-12-18T05:08:16.000Z] > command requires scopes: ["email","openid","https://www.googleapis.com/auth/cloudplatformprojects.readonly","https://www.googleapis.com/auth/firebase","https://www.googleapis.com/auth/cloud-platform"]
[debug] [2023-12-18T05:08:16.002Z] > authorizing via signed-in user (merymmery2024@gmail.com)
[info] 
     ######## #### ########  ######## ########     ###     ######  ########
     ##        ##  ##     ## ##       ##     ##  ##   ##  ##       ##
     ######    ##  ########  ######   ########  #########  ######  ######
     ##        ##  ##    ##  ##       ##     ## ##     ##       ## ##
     ##       #### ##     ## ######## ########  ##     ##  ######  ########

You're about to initialize a Firebase project in this directory:

  C:\Users\Diego\react-chat

[info] 
=== Project Setup
[info] 
[info] First, let's associate this project directory with a Firebase project.
[info] You can create multiple project aliases by running firebase use --add, 
[info] but for now we'll just set up a default project.
[info] 
[debug] [2023-12-18T05:08:21.325Z] > refreshing access token with scopes: []
[debug] [2023-12-18T05:08:21.332Z] >>> [apiv2][query] POST https://www.googleapis.com/oauth2/v3/token [none]
[debug] [2023-12-18T05:08:21.332Z] >>> [apiv2][body] POST https://www.googleapis.com/oauth2/v3/token [omitted]
[debug] [2023-12-18T05:08:21.684Z] <<< [apiv2][status] POST https://www.googleapis.com/oauth2/v3/token 200
[debug] [2023-12-18T05:08:21.685Z] <<< [apiv2][body] POST https://www.googleapis.com/oauth2/v3/token [omitted]
[debug] [2023-12-18T05:08:21.702Z] >>> [apiv2][query] GET https://firebase.googleapis.com/v1beta1/projects pageSize=100
[debug] [2023-12-18T05:08:22.328Z] <<< [apiv2][status] GET https://firebase.googleapis.com/v1beta1/projects 200
[debug] [2023-12-18T05:08:22.328Z] <<< [apiv2][body] GET https://firebase.googleapis.com/v1beta1/projects [omitted]
[info] i  Using project react-chat-6ccf5 (React-chat) 
[info] 
=== Database Setup
[info] i  database: ensuring required API firebasedatabase.googleapis.com is enabled... 
[debug] [2023-12-18T05:08:27.597Z] >>> [apiv2][query] GET https://serviceusage.googleapis.com/v1/projects/react-chat-6ccf5/services/firebasedatabase.googleapis.com [none]
[debug] [2023-12-18T05:08:27.597Z] >>> [apiv2][(partial)header] GET https://serviceusage.googleapis.com/v1/projects/react-chat-6ccf5/services/firebasedatabase.googleapis.com x-goog-quota-user=projects/react-chat-6ccf5
[debug] [2023-12-18T05:08:28.676Z] <<< [apiv2][status] GET https://serviceusage.googleapis.com/v1/projects/react-chat-6ccf5/services/firebasedatabase.googleapis.com 200
[debug] [2023-12-18T05:08:28.676Z] <<< [apiv2][body] GET https://serviceusage.googleapis.com/v1/projects/react-chat-6ccf5/services/firebasedatabase.googleapis.com [omitted]
[warn] !  database: missing required API firebasedatabase.googleapis.com. Enabling now... 
[debug] [2023-12-18T05:08:28.683Z] >>> [apiv2][query] POST https://serviceusage.googleapis.com/v1/projects/react-chat-6ccf5/services/firebasedatabase.googleapis.com:enable [none]
[debug] [2023-12-18T05:08:28.683Z] >>> [apiv2][(partial)header] POST https://serviceusage.googleapis.com/v1/projects/react-chat-6ccf5/services/firebasedatabase.googleapis.com:enable x-goog-quota-user=projects/react-chat-6ccf5
[debug] [2023-12-18T05:08:30.416Z] <<< [apiv2][status] POST https://serviceusage.googleapis.com/v1/projects/react-chat-6ccf5/services/firebasedatabase.googleapis.com:enable 200
[debug] [2023-12-18T05:08:30.416Z] <<< [apiv2][body] POST https://serviceusage.googleapis.com/v1/projects/react-chat-6ccf5/services/firebasedatabase.googleapis.com:enable [omitted]
[debug] [2023-12-18T05:08:40.424Z] >>> [apiv2][query] GET https://serviceusage.googleapis.com/v1/projects/react-chat-6ccf5/services/firebasedatabase.googleapis.com [none]
[debug] [2023-12-18T05:08:40.424Z] >>> [apiv2][(partial)header] GET https://serviceusage.googleapis.com/v1/projects/react-chat-6ccf5/services/firebasedatabase.googleapis.com x-goog-quota-user=projects/react-chat-6ccf5
[debug] [2023-12-18T05:08:41.372Z] <<< [apiv2][status] GET https://serviceusage.googleapis.com/v1/projects/react-chat-6ccf5/services/firebasedatabase.googleapis.com 200
[debug] [2023-12-18T05:08:41.372Z] <<< [apiv2][body] GET https://serviceusage.googleapis.com/v1/projects/react-chat-6ccf5/services/firebasedatabase.googleapis.com [omitted]
[info] +  database: required API firebasedatabase.googleapis.com is enabled 
[info] 
[debug] [2023-12-18T05:08:41.380Z] >>> [apiv2][query] GET https://firebase.googleapis.com/v1beta1/projects/react-chat-6ccf5 [none]
[debug] [2023-12-18T05:08:41.780Z] <<< [apiv2][status] GET https://firebase.googleapis.com/v1beta1/projects/react-chat-6ccf5 200
[debug] [2023-12-18T05:08:41.781Z] <<< [apiv2][body] GET https://firebase.googleapis.com/v1beta1/projects/react-chat-6ccf5 {"projectId":"react-chat-6ccf5","projectNumber":"725633575964","displayName":"React-chat","name":"projects/react-chat-6ccf5","resources":{"hostingSite":"react-chat-6ccf5"},"state":"ACTIVE","etag":"1_324ddcb9-c893-4e54-a640-eac518eb01bb"}
[debug] [2023-12-18T05:08:49.247Z] >>> [apiv2][query] POST https://firebasedatabase.googleapis.com/v1beta/projects/react-chat-6ccf5/locations/us-central1/instances databaseId=react-chat-6ccf5-default-rtdb&validateOnly=true
[debug] [2023-12-18T05:08:49.248Z] >>> [apiv2][body] POST https://firebasedatabase.googleapis.com/v1beta/projects/react-chat-6ccf5/locations/us-central1/instances {"type":"default_database"}
[debug] [2023-12-18T05:08:50.300Z] <<< [apiv2][status] POST https://firebasedatabase.googleapis.com/v1beta/projects/react-chat-6ccf5/locations/us-central1/instances 200
[debug] [2023-12-18T05:08:50.300Z] <<< [apiv2][body] POST https://firebasedatabase.googleapis.com/v1beta/projects/react-chat-6ccf5/locations/us-central1/instances {"name":"projects/725633575964/locations/us-central1/instances/react-chat-6ccf5-default-rtdb","project":"projects/725633575964","databaseUrl":"https://react-chat-6ccf5-default-rtdb.firebaseio.com","type":"DEFAULT_DATABASE","state":"ACTIVE"}
[debug] [2023-12-18T05:08:50.334Z] >>> [apiv2][query] POST https://firebasedatabase.googleapis.com/v1beta/projects/react-chat-6ccf5/locations/us-central1/instances databaseId=react-chat-6ccf5-default-rtdb
[debug] [2023-12-18T05:08:50.334Z] >>> [apiv2][body] POST https://firebasedatabase.googleapis.com/v1beta/projects/react-chat-6ccf5/locations/us-central1/instances {"type":"default_database"}
[debug] [2023-12-18T05:08:51.407Z] <<< [apiv2][status] POST https://firebasedatabase.googleapis.com/v1beta/projects/react-chat-6ccf5/locations/us-central1/instances 200
[debug] [2023-12-18T05:08:51.407Z] <<< [apiv2][body] POST https://firebasedatabase.googleapis.com/v1beta/projects/react-chat-6ccf5/locations/us-central1/instances {"name":"projects/725633575964/locations/us-central1/instances/react-chat-6ccf5-default-rtdb","project":"projects/725633575964","databaseUrl":"https://react-chat-6ccf5-default-rtdb.firebaseio.com","type":"DEFAULT_DATABASE","state":"ACTIVE"}
[info] 
[info] Firebase Realtime Database Security Rules allow you to define how your data should be
[info] structured and when your data can be read from and written to.
[info] 
[debug] [2023-12-18T05:08:55.779Z] >>> [apiv2][query] GET https://react-chat-6ccf5-default-rtdb.firebaseio.com/.settings/rules.json [none]
[debug] [2023-12-18T05:08:56.434Z] <<< [apiv2][status] GET https://react-chat-6ccf5-default-rtdb.firebaseio.com/.settings/rules.json 200
[debug] [2023-12-18T05:08:56.434Z] <<< [apiv2][body] GET https://react-chat-6ccf5-default-rtdb.firebaseio.com/.settings/rules.json [stream]
[info] +  Database Rules for react-chat-6ccf5-default-rtdb have been written to database.rules.json. 
[info] Future modifications to database.rules.json will update Realtime Database Security Rules when you run
[info] firebase deploy.
[info] 
=== Firestore Setup
[debug] [2023-12-18T05:08:56.451Z] >>> [apiv2][query] GET https://serviceusage.googleapis.com/v1/projects/react-chat-6ccf5/services/firestore.googleapis.com [none]
[debug] [2023-12-18T05:08:56.452Z] >>> [apiv2][(partial)header] GET https://serviceusage.googleapis.com/v1/projects/react-chat-6ccf5/services/firestore.googleapis.com x-goog-quota-user=projects/react-chat-6ccf5
[debug] [2023-12-18T05:08:57.266Z] <<< [apiv2][status] GET https://serviceusage.googleapis.com/v1/projects/react-chat-6ccf5/services/firestore.googleapis.com 200
[debug] [2023-12-18T05:08:57.266Z] <<< [apiv2][body] GET https://serviceusage.googleapis.com/v1/projects/react-chat-6ccf5/services/firestore.googleapis.com [omitted]
[debug] [2023-12-18T05:08:57.267Z] >>> [apiv2][query] GET https://firestore.googleapis.com/v1/projects/react-chat-6ccf5/databases/(default) [none]
[debug] [2023-12-18T05:08:58.174Z] <<< [apiv2][status] GET https://firestore.googleapis.com/v1/projects/react-chat-6ccf5/databases/(default) 200
[debug] [2023-12-18T05:08:58.175Z] <<< [apiv2][body] GET https://firestore.googleapis.com/v1/projects/react-chat-6ccf5/databases/(default) {"name":"projects/react-chat-6ccf5/databases/(default)","uid":"6edec683-d41d-4046-8a02-7f62b8f1c97a","createTime":"2023-12-17T17:51:54.475742Z","updateTime":"2023-12-17T17:51:54.475742Z","locationId":"nam5","type":"FIRESTORE_NATIVE","concurrencyMode":"PESSIMISTIC","versionRetentionPeriod":"3600s","earliestVersionTime":"2023-12-18T04:08:58.151075Z","appEngineIntegrationMode":"DISABLED","keyPrefix":"s","pointInTimeRecoveryEnablement":"POINT_IN_TIME_RECOVERY_DISABLED","deleteProtectionState":"DELETE_PROTECTION_DISABLED","etag":"IP2yvvqbmIMDMOnbib+Fl4MD"}
[debug] [2023-12-18T05:08:58.175Z] database_type: FIRESTORE_NATIVE
[debug] [2023-12-18T05:08:58.176Z] > command requires scopes: ["email","openid","https://www.googleapis.com/auth/cloudplatformprojects.readonly","https://www.googleapis.com/auth/firebase","https://www.googleapis.com/auth/cloud-platform"]
[debug] [2023-12-18T05:08:58.176Z] > authorizing via signed-in user (merymmery2024@gmail.com)
[debug] [2023-12-18T05:08:58.176Z] [iam] checking project react-chat-6ccf5 for permissions ["firebase.projects.get"]
[debug] [2023-12-18T05:08:58.177Z] >>> [apiv2][query] POST https://cloudresourcemanager.googleapis.com/v1/projects/react-chat-6ccf5:testIamPermissions [none]
[debug] [2023-12-18T05:08:58.178Z] >>> [apiv2][(partial)header] POST https://cloudresourcemanager.googleapis.com/v1/projects/react-chat-6ccf5:testIamPermissions x-goog-quota-user=projects/react-chat-6ccf5
[debug] [2023-12-18T05:08:58.178Z] >>> [apiv2][body] POST https://cloudresourcemanager.googleapis.com/v1/projects/react-chat-6ccf5:testIamPermissions {"permissions":["firebase.projects.get"]}
[debug] [2023-12-18T05:08:58.882Z] <<< [apiv2][status] POST https://cloudresourcemanager.googleapis.com/v1/projects/react-chat-6ccf5:testIamPermissions 200
[debug] [2023-12-18T05:08:58.882Z] <<< [apiv2][body] POST https://cloudresourcemanager.googleapis.com/v1/projects/react-chat-6ccf5:testIamPermissions {"permissions":["firebase.projects.get"]}
[info] 
[info] Firestore Security Rules allow you to define how and when to allow
[info] requests. You can keep these rules in your project directory
[info] and publish them with firebase deploy.
[info] 
[debug] [2023-12-18T05:09:09.877Z] >>> [apiv2][query] GET https://firebaserules.googleapis.com/v1/projects/react-chat-6ccf5/releases pageSize=10&pageToken=
[debug] [2023-12-18T05:09:10.668Z] <<< [apiv2][status] GET https://firebaserules.googleapis.com/v1/projects/react-chat-6ccf5/releases 200
[debug] [2023-12-18T05:09:10.668Z] <<< [apiv2][body] GET https://firebaserules.googleapis.com/v1/projects/react-chat-6ccf5/releases {"releases":[{"name":"projects/react-chat-6ccf5/releases/cloud.firestore","rulesetName":"projects/react-chat-6ccf5/rulesets/ccb12a7e-1345-46e9-91d7-b8422d769504","createTime":"2023-12-17T17:52:02.914414Z","updateTime":"2023-12-17T17:52:28.363068Z"}]}
[debug] [2023-12-18T05:09:10.669Z] Found ruleset: projects/react-chat-6ccf5/rulesets/ccb12a7e-1345-46e9-91d7-b8422d769504
[debug] [2023-12-18T05:09:10.669Z] >>> [apiv2][query] GET https://firebaserules.googleapis.com/v1/projects/react-chat-6ccf5/rulesets/ccb12a7e-1345-46e9-91d7-b8422d769504 [none]
[debug] [2023-12-18T05:09:11.494Z] <<< [apiv2][status] GET https://firebaserules.googleapis.com/v1/projects/react-chat-6ccf5/rulesets/ccb12a7e-1345-46e9-91d7-b8422d769504 200
[debug] [2023-12-18T05:09:11.494Z] <<< [apiv2][body] GET https://firebaserules.googleapis.com/v1/projects/react-chat-6ccf5/rulesets/ccb12a7e-1345-46e9-91d7-b8422d769504 [omitted]
[info] 
[info] Firestore indexes allow you to perform complex queries while
[info] maintaining performance that scales with the size of the result
[info] set. You can keep index definitions in your project directory
[info] and publish them with firebase deploy.
[info] 
[debug] [2023-12-18T05:09:13.072Z] >>> [apiv2][query] GET https://firestore.googleapis.com/v1/projects/react-chat-6ccf5/databases/(default)/collectionGroups/-/indexes [none]
[debug] [2023-12-18T05:09:13.081Z] >>> [apiv2][query] GET https://firestore.googleapis.com/v1/projects/react-chat-6ccf5/databases/(default)/collectionGroups/-/fields?filter=indexConfig.usesAncestorConfig=false OR ttlConfig:* [none]
[debug] [2023-12-18T05:09:13.840Z] <<< [apiv2][status] GET https://firestore.googleapis.com/v1/projects/react-chat-6ccf5/databases/(default)/collectionGroups/-/fields?filter=indexConfig.usesAncestorConfig=false OR ttlConfig:* 200
[debug] [2023-12-18T05:09:13.840Z] <<< [apiv2][body] GET https://firestore.googleapis.com/v1/projects/react-chat-6ccf5/databases/(default)/collectionGroups/-/fields?filter=indexConfig.usesAncestorConfig=false OR ttlConfig:* {"fields":[{"name":"projects/react-chat-6ccf5/databases/(default)/collectionGroups/__default__/fields/*","indexConfig":{"indexes":[{"queryScope":"COLLECTION","fields":[{"fieldPath":"*","order":"ASCENDING"}],"state":"READY"},{"queryScope":"COLLECTION","fields":[{"fieldPath":"*","order":"DESCENDING"}],"state":"READY"},{"queryScope":"COLLECTION","fields":[{"fieldPath":"*","arrayConfig":"CONTAINS"}],"state":"READY"}]}}]}
[debug] [2023-12-18T05:09:13.846Z] <<< [apiv2][status] GET https://firestore.googleapis.com/v1/projects/react-chat-6ccf5/databases/(default)/collectionGroups/-/indexes 200
[debug] [2023-12-18T05:09:13.846Z] <<< [apiv2][body] GET https://firestore.googleapis.com/v1/projects/react-chat-6ccf5/databases/(default)/collectionGroups/-/indexes {}
[info] 
=== Functions Setup
[debug] [2023-12-18T05:09:13.852Z] > command requires scopes: ["email","openid","https://www.googleapis.com/auth/cloudplatformprojects.readonly","https://www.googleapis.com/auth/firebase","https://www.googleapis.com/auth/cloud-platform"]
[debug] [2023-12-18T05:09:13.853Z] > authorizing via signed-in user (merymmery2024@gmail.com)
[debug] [2023-12-18T05:09:13.853Z] [iam] checking project react-chat-6ccf5 for permissions ["firebase.projects.get"]
[debug] [2023-12-18T05:09:13.854Z] >>> [apiv2][query] POST https://cloudresourcemanager.googleapis.com/v1/projects/react-chat-6ccf5:testIamPermissions [none]
[debug] [2023-12-18T05:09:13.854Z] >>> [apiv2][(partial)header] POST https://cloudresourcemanager.googleapis.com/v1/projects/react-chat-6ccf5:testIamPermissions x-goog-quota-user=projects/react-chat-6ccf5
[debug] [2023-12-18T05:09:13.854Z] >>> [apiv2][body] POST https://cloudresourcemanager.googleapis.com/v1/projects/react-chat-6ccf5:testIamPermissions {"permissions":["firebase.projects.get"]}
[debug] [2023-12-18T05:09:14.554Z] <<< [apiv2][status] POST https://cloudresourcemanager.googleapis.com/v1/projects/react-chat-6ccf5:testIamPermissions 200
[debug] [2023-12-18T05:09:14.555Z] <<< [apiv2][body] POST https://cloudresourcemanager.googleapis.com/v1/projects/react-chat-6ccf5:testIamPermissions {"permissions":["firebase.projects.get"]}
[debug] [2023-12-18T05:09:14.555Z] >>> [apiv2][query] GET https://serviceusage.googleapis.com/v1/projects/react-chat-6ccf5/services/cloudfunctions.googleapis.com [none]
[debug] [2023-12-18T05:09:14.555Z] >>> [apiv2][(partial)header] GET https://serviceusage.googleapis.com/v1/projects/react-chat-6ccf5/services/cloudfunctions.googleapis.com x-goog-quota-user=projects/react-chat-6ccf5
[debug] [2023-12-18T05:09:14.560Z] >>> [apiv2][query] GET https://serviceusage.googleapis.com/v1/projects/react-chat-6ccf5/services/runtimeconfig.googleapis.com [none]
[debug] [2023-12-18T05:09:14.560Z] >>> [apiv2][(partial)header] GET https://serviceusage.googleapis.com/v1/projects/react-chat-6ccf5/services/runtimeconfig.googleapis.com x-goog-quota-user=projects/react-chat-6ccf5
[debug] [2023-12-18T05:09:15.480Z] <<< [apiv2][status] GET https://serviceusage.googleapis.com/v1/projects/react-chat-6ccf5/services/runtimeconfig.googleapis.com 200
[debug] [2023-12-18T05:09:15.480Z] <<< [apiv2][body] GET https://serviceusage.googleapis.com/v1/projects/react-chat-6ccf5/services/runtimeconfig.googleapis.com [omitted]
[debug] [2023-12-18T05:09:15.481Z] <<< [apiv2][status] GET https://serviceusage.googleapis.com/v1/projects/react-chat-6ccf5/services/cloudfunctions.googleapis.com 200
[debug] [2023-12-18T05:09:15.481Z] <<< [apiv2][body] GET https://serviceusage.googleapis.com/v1/projects/react-chat-6ccf5/services/cloudfunctions.googleapis.com [omitted]
[debug] [2023-12-18T05:09:15.482Z] >>> [apiv2][query] POST https://serviceusage.googleapis.com/v1/projects/react-chat-6ccf5/services/cloudfunctions.googleapis.com:enable [none]
[debug] [2023-12-18T05:09:15.482Z] >>> [apiv2][(partial)header] POST https://serviceusage.googleapis.com/v1/projects/react-chat-6ccf5/services/cloudfunctions.googleapis.com:enable x-goog-quota-user=projects/react-chat-6ccf5
[debug] [2023-12-18T05:09:17.216Z] <<< [apiv2][status] POST https://serviceusage.googleapis.com/v1/projects/react-chat-6ccf5/services/cloudfunctions.googleapis.com:enable 200
[debug] [2023-12-18T05:09:17.217Z] <<< [apiv2][body] POST https://serviceusage.googleapis.com/v1/projects/react-chat-6ccf5/services/cloudfunctions.googleapis.com:enable [omitted]
[debug] [2023-12-18T05:09:27.220Z] >>> [apiv2][query] GET https://serviceusage.googleapis.com/v1/projects/react-chat-6ccf5/services/cloudfunctions.googleapis.com [none]
[debug] [2023-12-18T05:09:27.221Z] >>> [apiv2][(partial)header] GET https://serviceusage.googleapis.com/v1/projects/react-chat-6ccf5/services/cloudfunctions.googleapis.com x-goog-quota-user=projects/react-chat-6ccf5
[debug] [2023-12-18T05:09:28.069Z] <<< [apiv2][status] GET https://serviceusage.googleapis.com/v1/projects/react-chat-6ccf5/services/cloudfunctions.googleapis.com 200
[debug] [2023-12-18T05:09:28.070Z] <<< [apiv2][body] GET https://serviceusage.googleapis.com/v1/projects/react-chat-6ccf5/services/cloudfunctions.googleapis.com [omitted]
[info] Let's create a new codebase for your functions.
[info] A directory corresponding to the codebase will be created in your project
[info] with sample code pre-configured.

[info] See https://firebase.google.com/docs/functions/organize-functions for
[info] more information on organizing your functions using codebases.

[info] Functions can be deployed with firebase deploy.

[info] +  Wrote functions/package.json 
[info] +  Wrote functions/.eslintrc.js 
[info] +  Wrote functions/index.js 
[info] +  Wrote functions/.gitignore 
[info] 
=== Hosting Setup
[debug] [2023-12-18T05:11:41.309Z] >>> [apiv2][query] GET https://firebase.googleapis.com/v1beta1/projects/react-chat-6ccf5 [none]
[debug] [2023-12-18T05:11:41.702Z] <<< [apiv2][status] GET https://firebase.googleapis.com/v1beta1/projects/react-chat-6ccf5 200
[debug] [2023-12-18T05:11:41.702Z] <<< [apiv2][body] GET https://firebase.googleapis.com/v1beta1/projects/react-chat-6ccf5 {"projectId":"react-chat-6ccf5","projectNumber":"725633575964","displayName":"React-chat","name":"projects/react-chat-6ccf5","resources":{"hostingSite":"react-chat-6ccf5","realtimeDatabaseInstance":"react-chat-6ccf5-default-rtdb"},"state":"ACTIVE","etag":"1_324ddcb9-c893-4e54-a640-eac518eb01bb"}
[info] 
[info] Your public directory is the folder (relative to your project directory) that
[info] will contain Hosting assets to be uploaded with firebase deploy. If you
[info] have a build process for your assets, use your build's output directory.
[info] 
[debug] [2023-12-18T05:25:34.870Z] >>> [apiv2][query] GET https://www.gstatic.com/firebasejs/releases.json [none]
[debug] [2023-12-18T05:25:34.963Z] <<< [apiv2][status] GET https://www.gstatic.com/firebasejs/releases.json 200
[debug] [2023-12-18T05:25:34.963Z] <<< [apiv2][body] GET https://www.gstatic.com/firebasejs/releases.json {"current":{"version":"10.7.1","browserURL":"https://www.gstatic.com/firebasejs/10.7.1/firebase.js","packageURL":"https://www.gstatic.com/firebasejs/10.7.1/firebase.tgz"},"live":{"version":"10.7","browserURL":"https://www.gstatic.com/firebasejs/live/10.7/firebase.js","packageURL":"https://www.gstatic.com/firebasejs/live/10.7/firebase.tgz"},"components":{"analytics":"https://www.gstatic.com/firebasejs/10.7.1/firebase-analytics.js","app":"https://www.gstatic.com/firebasejs/10.7.1/firebase-app.js","app-check":"https://www.gstatic.com/firebasejs/10.7.1/firebase-app-check.js","auth":"https://www.gstatic.com/firebasejs/10.7.1/firebase-auth.js","auth/cordova":"https://www.gstatic.com/firebasejs/10.7.1/firebase-auth/cordova.js","functions":"https://www.gstatic.com/firebasejs/10.7.1/firebase-functions.js","firestore":"https://www.gstatic.com/firebasejs/10.7.1/firebase-firestore.js","firestore/lite":"https://www.gstatic.com/firebasejs/10.7.1/firebase-firestore/lite.js","installations":"https://www.gstatic.com/firebasejs/10.7.1/firebase-installations.js","storage":"https://www.gstatic.com/firebasejs/10.7.1/firebase-storage.js","performance":"https://www.gstatic.com/firebasejs/10.7.1/firebase-performance.js","remote-config":"https://www.gstatic.com/firebasejs/10.7.1/firebase-remote-config.js","messaging":"https://www.gstatic.com/firebasejs/10.7.1/firebase-messaging.js","messaging/sw":"https://www.gstatic.com/firebasejs/10.7.1/firebase-messaging/sw.js","database":"https://www.gstatic.com/firebasejs/10.7.1/firebase-database.js","firestore.memory":"https://www.gstatic.com/firebasejs/10.7.1/firebase-firestore.memory.js"}}
[info] +  Wrote public/index.html 
[info] 
[info] i  Didn't detect a .git folder. Assuming C:\Users\Diego\react-chat is the project root. 
[info] i  Authorizing with GitHub to upload your service account to a GitHub repository's secrets store. 
[info] 
[info] Visit this URL on this device to log in:
[info] https://github.com/login/oauth/authorize?client_id=89cf50f02ac6aaed3484&state=11800621&redirect_uri=http%3A%2F%2Flocalhost%3A9005&scope=read%3Auser%20repo%20public_repo
[info] 
[info] Waiting for authentication...
[debug] [2023-12-18T05:25:44.305Z] >>> [apiv2][query] POST https://github.com/login/oauth/access_token [none]
[debug] [2023-12-18T05:25:44.305Z] >>> [apiv2][body] POST https://github.com/login/oauth/access_token [stream]
[debug] [2023-12-18T05:25:44.604Z] <<< [apiv2][status] POST https://github.com/login/oauth/access_token 200
[debug] [2023-12-18T05:25:44.604Z] <<< [apiv2][body] POST https://github.com/login/oauth/access_token {"access_token":"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","token_type":"bearer","scope":"read:user,repo"}
[debug] [2023-12-18T05:25:44.752Z] >>> [apiv2][query] GET https://api.github.com/user [none]
[debug] [2023-12-18T05:25:45.158Z] <<< [apiv2][status] GET https://api.github.com/user 200
[debug] [2023-12-18T05:25:45.158Z] <<< [apiv2][body] GET https://api.github.com/user {"login":"bentojesus","id":131626998,"node_id":"U_kgDOB9h39g","avatar_url":"https://avatars.githubusercontent.com/u/131626998?v=4","gravatar_id":"","url":"https://api.github.com/users/bentojesus","html_url":"https://github.com/bentojesus","followers_url":"https://api.github.com/users/bentojesus/followers","following_url":"https://api.github.com/users/bentojesus/following{/other_user}","gists_url":"https://api.github.com/users/bentojesus/gists{/gist_id}","starred_url":"https://api.github.com/users/bentojesus/starred{/owner}{/repo}","subscriptions_url":"https://api.github.com/users/bentojesus/subscriptions","organizations_url":"https://api.github.com/users/bentojesus/orgs","repos_url":"https://api.github.com/users/bentojesus/repos","events_url":"https://api.github.com/users/bentojesus/events{/privacy}","received_events_url":"https://api.github.com/users/bentojesus/received_events","type":"User","site_admin":false,"name":"apppt","company":null,"blog":"","location":null,"email":null,"hireable":null,"bio":null,"twitter_username":null,"public_repos":15,"public_gists":0,"followers":0,"following":0,"created_at":"2023-04-24T00:12:28Z","updated_at":"2023-12-11T11:38:00Z","private_gists":0,"total_private_repos":2,"owned_private_repos":2,"disk_usage":3553,"collaborators":0,"two_factor_authentication":false,"plan":{"name":"free","space":976562499,"collaborators":0,"private_repos":10000}}
[info] 
[info] +  Success! Logged into GitHub as bentojesus 
[info] 
[debug] [2023-12-18T05:25:57.037Z] >>> [apiv2][query] GET https://api.github.com/repos//actions/secrets/public-key type=owner
[debug] [2023-12-18T05:25:57.429Z] <<< [apiv2][status] GET https://api.github.com/repos//actions/secrets/public-key 404
[debug] [2023-12-18T05:25:57.429Z] <<< [apiv2][body] GET https://api.github.com/repos//actions/secrets/public-key {"message":"Not Found","documentation_url":"https://docs.github.com/rest"}
[info] 
[info] 
[error] !  The provided authorization cannot be used with this repository. If this repository is in an organization, did you remember to grant access? 
[info] 
[info] i  Action required: Visit this URL to ensure access has been granted to the appropriate organization(s) for the Firebase CLI GitHub OAuth App: 
[info] https://github.com/settings/connections/applications/89cf50f02ac6aaed3484
[info] 
